{"D:\\Productzilla Academy\\1. Task\\Task7\\src\\components\\elements\\Button\\index.tsx": {"path":"D:\\Productzilla Academy\\1. Task\\Task7\\src\\components\\elements\\Button\\index.tsx","statementMap":{"0":{"start":{"line":7,"column":38},"end":{"line":19,"column":1}},"1":{"start":{"line":8,"column":2},"end":{"line":18,"column":4}},"2":{"start":{"line":21,"column":0},"end":{"line":21,"column":22}}},"fnMap":{"0":{"name":"(anonymous_0)","decl":{"start":{"line":7,"column":38},"end":{"line":7,"column":39}},"loc":{"start":{"line":7,"column":67},"end":{"line":19,"column":1}}}},"branchMap":{},"s":{"0":2,"1":19,"2":2},"f":{"0":19},"b":{}}
,"D:\\Productzilla Academy\\1. Task\\Task7\\src\\components\\elements\\Form\\formcontact.tsx": {"path":"D:\\Productzilla Academy\\1. Task\\Task7\\src\\components\\elements\\Form\\formcontact.tsx","statementMap":{"0":{"start":{"line":1,"column":0},"end":{"line":1,"column":57}},"1":{"start":{"line":2,"column":0},"end":{"line":2,"column":31}},"2":{"start":{"line":3,"column":0},"end":{"line":3,"column":29}},"3":{"start":{"line":4,"column":0},"end":{"line":4,"column":47}},"4":{"start":{"line":12,"column":20},"end":{"line":75,"column":1}},"5":{"start":{"line":13,"column":34},"end":{"line":17,"column":4}},"6":{"start":{"line":18,"column":32},"end":{"line":18,"column":56}},"7":{"start":{"line":20,"column":23},"end":{"line":25,"column":3}},"8":{"start":{"line":23,"column":28},"end":{"line":23,"column":36}},"9":{"start":{"line":24,"column":4},"end":{"line":24,"column":48}},"10":{"start":{"line":27,"column":23},"end":{"line":36,"column":3}},"11":{"start":{"line":28,"column":4},"end":{"line":28,"column":23}},"12":{"start":{"line":29,"column":4},"end":{"line":29,"column":26}},"13":{"start":{"line":30,"column":4},"end":{"line":30,"column":21}},"14":{"start":{"line":31,"column":4},"end":{"line":35,"column":7}},"15":{"start":{"line":38,"column":2},"end":{"line":74,"column":4}},"16":{"start":{"line":71,"column":54},"end":{"line":71,"column":71}},"17":{"start":{"line":77,"column":0},"end":{"line":77,"column":27}}},"fnMap":{"0":{"name":"(anonymous_1)","decl":{"start":{"line":12,"column":20},"end":{"line":12,"column":23}},"loc":{"start":{"line":12,"column":25},"end":{"line":75,"column":1}}},"1":{"name":"(anonymous_2)","decl":{"start":{"line":20,"column":23},"end":{"line":20,"column":null}},"loc":{"start":{"line":22,"column":6},"end":{"line":25,"column":3}}},"2":{"name":"(anonymous_3)","decl":{"start":{"line":27,"column":23},"end":{"line":27,"column":24}},"loc":{"start":{"line":27,"column":57},"end":{"line":36,"column":3}}},"3":{"name":"(anonymous_4)","decl":{"start":{"line":70,"column":60},"end":{"line":70,"column":63}},"loc":{"start":{"line":70,"column":65},"end":{"line":70,"column":68}}},"4":{"name":"(anonymous_5)","decl":{"start":{"line":71,"column":48},"end":{"line":71,"column":51}},"loc":{"start":{"line":71,"column":54},"end":{"line":71,"column":71}}}},"branchMap":{},"s":{"0":1,"1":1,"2":1,"3":1,"4":1,"5":17,"6":17,"7":17,"8":9,"9":9,"10":17,"11":2,"12":2,"13":2,"14":2,"15":17,"16":1,"17":1},"f":{"0":17,"1":9,"2":2,"3":3,"4":1},"b":{}}
,"D:\\Productzilla Academy\\1. Task\\Task7\\src\\components\\elements\\Input\\index.tsx": {"path":"D:\\Productzilla Academy\\1. Task\\Task7\\src\\components\\elements\\Input\\index.tsx","statementMap":{"0":{"start":{"line":1,"column":0},"end":{"line":1,"column":18}},"1":{"start":{"line":13,"column":14},"end":{"line":40,"column":1}},"2":{"start":{"line":22,"column":2},"end":{"line":39,"column":4}},"3":{"start":{"line":42,"column":0},"end":{"line":42,"column":21}}},"fnMap":{"0":{"name":"(anonymous_0)","decl":{"start":{"line":13,"column":14},"end":{"line":13,"column":15}},"loc":{"start":{"line":21,"column":17},"end":{"line":40,"column":1}}}},"branchMap":{"0":{"loc":{"start":{"line":20,"column":2},"end":{"line":20,"column":17}},"type":"default-arg","locations":[{"start":{"line":20,"column":13},"end":{"line":20,"column":17}}]}},"s":{"0":2,"1":2,"2":36,"3":2},"f":{"0":36},"b":{"0":[36]}}
,"D:\\Productzilla Academy\\1. Task\\Task7\\src\\components\\modal\\success.tsx": {"path":"D:\\Productzilla Academy\\1. Task\\Task7\\src\\components\\modal\\success.tsx","statementMap":{"0":{"start":{"line":2,"column":0},"end":{"line":2,"column":22}},"1":{"start":{"line":3,"column":0},"end":{"line":3,"column":11}},"2":{"start":{"line":9,"column":50},"end":{"line":31,"column":1}},"3":{"start":{"line":10,"column":2},"end":{"line":10,"column":27}},"4":{"start":{"line":10,"column":15},"end":{"line":10,"column":27}},"5":{"start":{"line":12,"column":2},"end":{"line":30,"column":4}},"6":{"start":{"line":33,"column":0},"end":{"line":33,"column":28}}},"fnMap":{"0":{"name":"(anonymous_1)","decl":{"start":{"line":9,"column":50},"end":{"line":9,"column":51}},"loc":{"start":{"line":9,"column":74},"end":{"line":31,"column":1}}}},"branchMap":{"0":{"loc":{"start":{"line":10,"column":2},"end":{"line":10,"column":27}},"type":"if","locations":[{"start":{"line":10,"column":2},"end":{"line":10,"column":27}}]}},"s":{"0":2,"1":2,"2":2,"3":20,"4":16,"5":4,"6":2},"f":{"0":20},"b":{"0":[16]}}
}
