TN:
SF:src\components\elements\Button\index.tsx
FN:7,(anonymous_0)
FNF:1
FNH:1
FNDA:19,(anonymous_0)
DA:7,2
DA:8,19
DA:21,2
LF:3
LH:3
BRF:0
BRH:0
end_of_record
TN:
SF:src\components\elements\Form\formcontact.tsx
FN:12,(anonymous_1)
FN:20,(anonymous_2)
FN:27,(anonymous_3)
FN:70,(anonymous_4)
FN:71,(anonymous_5)
FNF:5
FNH:5
FNDA:17,(anonymous_1)
FNDA:9,(anonymous_2)
FNDA:2,(anonymous_3)
FNDA:3,(anonymous_4)
FNDA:1,(anonymous_5)
DA:1,1
DA:2,1
DA:3,1
DA:4,1
DA:12,1
DA:13,17
DA:18,17
DA:20,17
DA:23,9
DA:24,9
DA:27,17
DA:28,2
DA:29,2
DA:30,2
DA:31,2
DA:38,17
DA:71,1
DA:77,1
LF:18
LH:18
BRF:0
BRH:0
end_of_record
TN:
SF:src\components\elements\Input\index.tsx
FN:13,(anonymous_0)
FNF:1
FNH:1
FNDA:36,(anonymous_0)
DA:1,2
DA:13,2
DA:22,36
DA:42,2
LF:4
LH:4
BRDA:20,0,0,36
BRF:1
BRH:1
end_of_record
TN:
SF:src\components\modal\success.tsx
FN:9,(anonymous_1)
FNF:1
FNH:1
FNDA:20,(anonymous_1)
DA:2,2
DA:3,2
DA:9,2
DA:10,20
DA:12,4
DA:33,2
LF:6
LH:6
BRDA:10,0,0,16
BRF:1
BRH:1
end_of_record
